DEBUG:root:Pizza created: artichoke ($15)
DEBUG:root:Made 1 artichoke pizza(s)
DEBUG:root:Ate 1 pizza(s)
DEBUG:root:Pizza created: margherita ($12)
DEBUG:root:Made 2 margherita pizza(s)
DEBUG:root:Ate 1 pizza(s)
DEBUG:root:Pizza created: Sicilian ($18)
DEBUG:root:Made 5 Sicilian pizza(s)
DEBUG:root:Ate 4 pizza(s)
DEBUG:root:Pizza created: quattro formaggi ($16)
DEBUG:root:Made 2 quattro formaggi pizza(s)
DEBUG:root:Ate 2 pizza(s)
2020-08-27 08:03:10,413:DEBUG:Pizza created: Sicilian ($18)
2020-08-27 08:03:10,413:DEBUG:Made 5 Sicilian pizza(s)
2020-08-27 08:03:10,414:DEBUG:Ate 4 pizza(s)
2020-08-27 08:03:10,414:DEBUG:Pizza created: quattro formaggi ($16)
2020-08-27 08:03:10,414:DEBUG:Made 2 quattro formaggi pizza(s)
2020-08-27 08:03:10,414:DEBUG:Ate 2 pizza(s)
2020-08-27 08:11:10,861:INFO:Pizza created: Sicilian ($18)
2020-08-27 08:11:10,861:INFO:Made 5 Sicilian pizza(s)
2020-08-27 08:11:10,862:INFO:Ate 4 pizza(s)
2020-08-27 08:11:10,862:INFO:Pizza created: quattro formaggi ($16)
2020-08-27 08:11:10,862:INFO:Made 2 quattro formaggi pizza(s)
2020-08-27 08:11:10,862:INFO:Ate 2 pizza(s)
2020-08-27 08:13:24,658:INFO:Pizza created: Sicilian ($18)
2020-08-27 08:13:24,658:INFO:Made 5 Sicilian pizza(s)
2020-08-27 08:13:24,658:INFO:Ate 4 pizza(s)
2020-08-27 08:13:24,659:INFO:Pizza created: quattro formaggi ($16)
2020-08-27 08:13:24,659:INFO:Made 2 quattro formaggi pizza(s)
2020-08-27 08:13:24,659:INFO:Ate 2 pizza(s)
2020-08-27 08:17:24,863:INFO:Pizza created: Sicilian ($18)
2020-08-27 08:17:24,863:INFO:Made 5 Sicilian pizza(s)
2020-08-27 08:17:24,863:INFO:Ate 4 pizza(s)
2020-08-27 08:17:24,863:INFO:Pizza created: quattro formaggi ($16)
2020-08-27 08:17:24,863:INFO:Made 2 quattro formaggi pizza(s)
2020-08-27 08:17:24,864:INFO:Ate 2 pizza(s)
2020-08-27 08:19:29,671:INFO:Pizza created: Sicilian ($18)
2020-08-27 08:19:29,671:INFO:Made 5 Sicilian pizza(s)
2020-08-27 08:19:29,671:INFO:Ate 4 pizza(s)
2020-08-27 08:19:29,671:INFO:Pizza created: quattro formaggi ($16)
2020-08-27 08:19:29,671:INFO:Made 2 quattro formaggi pizza(s)
2020-08-27 08:19:29,671:INFO:Ate 2 pizza(s)
2020-08-27 08:19:44,502:INFO:Hello 
2020-08-27 08:19:44,502:INFO:World 
